c:\users\user\desktop\gameoflıfecpp\gameoflıfe\x64\debug\gameoflıfe.pch
c:\users\user\desktop\gameoflıfecpp\gameoflıfe\x64\debug\vc140.pdb
c:\users\user\desktop\gameoflıfecpp\gameoflıfe\x64\debug\vc140.ıdb
c:\users\user\desktop\gameoflıfecpp\gameoflıfe\x64\debug\stdafx.obj
c:\users\user\desktop\gameoflıfecpp\gameoflıfe\x64\debug\gameoflıfe.obj
c:\users\user\desktop\gameoflifecpp\gameoflife\x64\debug\gameoflife.obj
c:\users\user\desktop\gameoflifecpp\gameoflife\x64\debug\stdafx.obj
c:\users\user\desktop\gameoflifecpp\gameoflife\x64\debug\gameoflife.pch
c:\users\user\desktop\gameoflifecpp\gameoflife\x64\debug\vc140.idb
c:\users\user\desktop\gameoflifecpp\gameoflife\x64\debug\vc140.pdb
c:\users\user\desktop\gameoflifecpp\x64\debug\gameoflife.pdb
c:\users\user\desktop\gameoflifecpp\gameoflife\x64\debug\gameoflife.tlog\cl.command.1.tlog
c:\users\user\desktop\gameoflifecpp\gameoflife\x64\debug\gameoflife.tlog\cl.read.1.tlog
c:\users\user\desktop\gameoflifecpp\gameoflife\x64\debug\gameoflife.tlog\cl.write.1.tlog
c:\users\user\desktop\gameoflifecpp\gameoflife\x64\debug\gameoflife.tlog\link-cvtres.read.1.tlog
c:\users\user\desktop\gameoflifecpp\gameoflife\x64\debug\gameoflife.tlog\link-cvtres.write.1.tlog
c:\users\user\desktop\gameoflifecpp\gameoflife\x64\debug\gameoflife.tlog\link-rc.read.1.tlog
c:\users\user\desktop\gameoflifecpp\gameoflife\x64\debug\gameoflife.tlog\link-rc.write.1.tlog
c:\users\user\desktop\gameoflifecpp\gameoflife\x64\debug\gameoflife.tlog\link.11600-cvtres.read.1.tlog
c:\users\user\desktop\gameoflifecpp\gameoflife\x64\debug\gameoflife.tlog\link.11600-cvtres.write.1.tlog
c:\users\user\desktop\gameoflifecpp\gameoflife\x64\debug\gameoflife.tlog\link.11600-rc.read.1.tlog
c:\users\user\desktop\gameoflifecpp\gameoflife\x64\debug\gameoflife.tlog\link.11600-rc.write.1.tlog
c:\users\user\desktop\gameoflifecpp\gameoflife\x64\debug\gameoflife.tlog\link.11600.read.1.tlog
c:\users\user\desktop\gameoflifecpp\gameoflife\x64\debug\gameoflife.tlog\link.11600.write.1.tlog
c:\users\user\desktop\gameoflifecpp\gameoflife\x64\debug\gameoflife.tlog\link.command.1.tlog
c:\users\user\desktop\gameoflifecpp\gameoflife\x64\debug\gameoflife.tlog\link.read.1.tlog
c:\users\user\desktop\gameoflifecpp\gameoflife\x64\debug\gameoflife.tlog\link.write.1.tlog
